{"/Users/ogbuejioforchidiebere/Documents/Programming/Web/Projects/rivendell-ah-client/src/App.js": {"path":"/Users/ogbuejioforchidiebere/Documents/Programming/Web/Projects/rivendell-ah-client/src/App.js","statementMap":{"0":{"start":{"line":15,"column":4},"end":{"line":28,"column":6}}},"fnMap":{"0":{"name":"(anonymous_0)","decl":{"start":{"line":14,"column":2},"end":{"line":14,"column":3}},"loc":{"start":{"line":14,"column":11},"end":{"line":29,"column":3}},"line":14}},"branchMap":{},"s":{"0":1},"f":{"0":1},"b":{},"_coverageSchema":"332fd63041d2c1bcb487cc26dd0d5f7d97098a6c","hash":"16c11299c4e8ff75c3b98bf9af9c9c8c891de872"}
}
